2025-06-23 18:04:19,710 - ERROR - Tesseract verification failed: tesseract is not installed or it's not in your PATH. See README file for more information.
2025-06-23 21:46:35,328 - ERROR - Tesseract verification failed: tesseract is not installed or it's not in your PATH. See README file for more information.
2025-06-23 21:46:35,328 - WARNING - 🔄 Running in mock mode - install Tesseract for real OCR
2025-06-23 21:46:35,328 - INFO - OCR service initialized successfully
2025-06-23 21:46:35,653 - ERROR - Tesseract verification failed: tesseract is not installed or it's not in your PATH. See README file for more information.
2025-06-23 21:46:35,653 - WARNING - 🔄 Running in mock mode - install Tesseract for real OCR
2025-06-23 21:46:35,653 - INFO - OCR service initialized successfully
2025-06-23 21:46:35,741 - INFO - 1 change detected
2025-06-23 21:46:36,501 - ERROR - Tesseract verification failed: tesseract is not installed or it's not in your PATH. See README file for more information.
2025-06-23 21:46:36,501 - WARNING - 🔄 Running in mock mode - install Tesseract for real OCR
2025-06-23 21:46:36,501 - INFO - OCR service initialized successfully
2025-06-23 21:50:31,402 - ERROR - Tesseract verification failed: tesseract is not installed or it's not in your PATH. See README file for more information.
2025-06-23 21:50:31,402 - WARNING - 🔄 Running in mock mode - install Tesseract for real OCR
2025-06-23 21:50:31,402 - INFO - OCR service initialized successfully
2025-06-23 21:50:31,709 - ERROR - Tesseract verification failed: tesseract is not installed or it's not in your PATH. See README file for more information.
2025-06-23 21:50:31,709 - WARNING - 🔄 Running in mock mode - install Tesseract for real OCR
2025-06-23 21:50:31,709 - INFO - OCR service initialized successfully
2025-06-23 21:50:31,747 - ERROR - Tesseract verification failed: tesseract is not installed or it's not in your PATH. See README file for more information.
2025-06-23 21:50:31,748 - WARNING - 🔄 Running in mock mode - install Tesseract for real OCR
2025-06-23 21:50:31,748 - INFO - OCR service initialized successfully
2025-06-23 21:50:31,779 - INFO - 1 change detected
2025-06-23 22:08:17,555 - INFO - 1 change detected
2025-06-23 22:08:18,205 - INFO - 1 change detected
2025-06-23 22:08:18,284 - ERROR - Tesseract verification failed: tesseract is not installed or it's not in your PATH. See README file for more information.
2025-06-23 22:08:18,284 - WARNING - 🔄 Running in mock mode - install Tesseract for real OCR
2025-06-23 22:08:18,284 - INFO - Enhanced OCR service initialized successfully
2025-06-23 22:08:18,321 - ERROR - Tesseract verification failed: tesseract is not installed or it's not in your PATH. See README file for more information.
2025-06-23 22:08:18,322 - WARNING - 🔄 Running in mock mode - install Tesseract for real OCR
2025-06-23 22:08:18,322 - INFO - Enhanced OCR service initialized successfully
2025-06-23 22:08:18,567 - INFO - 1 change detected
2025-06-24 06:25:44,437 - ERROR - Tesseract verification failed: tesseract is not installed or it's not in your PATH. See README file for more information.
2025-06-24 06:25:44,437 - WARNING - 🔄 Running in mock mode - install Tesseract for real OCR
2025-06-24 06:25:44,437 - INFO - Enhanced OCR service initialized successfully
2025-06-24 06:25:44,752 - ERROR - Tesseract verification failed: tesseract is not installed or it's not in your PATH. See README file for more information.
2025-06-24 06:25:44,752 - WARNING - 🔄 Running in mock mode - install Tesseract for real OCR
2025-06-24 06:25:44,752 - INFO - Enhanced OCR service initialized successfully
2025-06-24 06:25:44,788 - ERROR - Tesseract verification failed: tesseract is not installed or it's not in your PATH. See README file for more information.
2025-06-24 06:25:44,788 - WARNING - 🔄 Running in mock mode - install Tesseract for real OCR
2025-06-24 06:25:44,788 - INFO - Enhanced OCR service initialized successfully
2025-06-24 06:25:44,824 - INFO - 1 change detected
2025-06-24 06:26:33,666 - WARNING - Did not find boundary character 91 at index 2
2025-06-24 06:32:56,027 - INFO - 1 change detected
2025-06-24 06:32:56,561 - INFO - 1 change detected
2025-06-24 06:32:59,393 - INFO - ✅ Found Tesseract version: 5.5.1
2025-06-24 06:32:59,403 - INFO - Available languages: ['eng', 'osd', 'snum']
2025-06-24 06:32:59,403 - WARNING - ⚠️ Vietnamese language data not found!
2025-06-24 06:32:59,403 - WARNING - Using English OCR as fallback
2025-06-24 06:32:59,403 - INFO - ✅ OCR service initialized successfully
2025-06-24 06:32:59,403 - INFO - Enhanced OCR service initialized successfully
2025-06-24 06:32:59,444 - INFO - ✅ Found Tesseract version: 5.5.1
2025-06-24 06:32:59,445 - INFO - Available languages: ['eng', 'osd', 'snum']
2025-06-24 06:32:59,445 - WARNING - ⚠️ Vietnamese language data not found!
2025-06-24 06:32:59,445 - WARNING - Using English OCR as fallback
2025-06-24 06:32:59,445 - INFO - ✅ OCR service initialized successfully
2025-06-24 06:32:59,445 - INFO - Enhanced OCR service initialized successfully
2025-06-24 06:32:59,496 - INFO - 1 change detected
2025-06-24 06:34:13,862 - WARNING - Did not find boundary character 91 at index 2
2025-06-24 06:36:23,790 - INFO - 1 change detected
2025-06-24 06:36:24,344 - INFO - 1 change detected
2025-06-24 06:36:24,455 - INFO - ✅ Found Tesseract version: 5.5.1
2025-06-24 06:36:24,468 - INFO - Available languages: ['afr', 'amh', 'ara', 'asm', 'aze', 'aze_cyrl', 'bel', 'ben', 'bod', 'bos', 'bre', 'bul', 'cat', 'ceb', 'ces', 'chi_sim', 'chi_sim_vert', 'chi_tra', 'chi_tra_vert', 'chr', 'cos', 'cym', 'dan', 'deu', 'div', 'dzo', 'ell', 'eng', 'enm', 'epo', 'equ', 'est', 'eus', 'fao', 'fas', 'fil', 'fin', 'fra', 'frk', 'frm', 'fry', 'gla', 'gle', 'glg', 'grc', 'guj', 'hat', 'heb', 'hin', 'hrv', 'hun', 'hye', 'iku', 'ind', 'isl', 'ita', 'ita_old', 'jav', 'jpn', 'jpn_vert', 'kan', 'kat', 'kat_old', 'kaz', 'khm', 'kir', 'kmr', 'kor', 'kor_vert', 'lao', 'lat', 'lav', 'lit', 'ltz', 'mal', 'mar', 'mkd', 'mlt', 'mon', 'mri', 'msa', 'mya', 'nep', 'nld', 'nor', 'oci', 'ori', 'osd', 'pan', 'pol', 'por', 'pus', 'que', 'ron', 'rus', 'san', 'sin', 'slk', 'slv', 'snd', 'snum', 'spa', 'spa_old', 'sqi', 'srp', 'srp_latn', 'sun', 'swa', 'swe', 'syr', 'tam', 'tat', 'tel', 'tgk', 'tha', 'tir', 'ton', 'tur', 'uig', 'ukr', 'urd', 'uzb', 'uzb_cyrl', 'vie', 'yid', 'yor']
2025-06-24 06:36:24,469 - INFO - ✅ Vietnamese OCR language pack available
2025-06-24 06:36:24,469 - INFO - ✅ OCR service initialized successfully
2025-06-24 06:36:24,469 - INFO - Enhanced OCR service initialized successfully
2025-06-24 06:36:24,502 - INFO - ✅ Found Tesseract version: 5.5.1
2025-06-24 06:36:24,503 - INFO - Available languages: ['afr', 'amh', 'ara', 'asm', 'aze', 'aze_cyrl', 'bel', 'ben', 'bod', 'bos', 'bre', 'bul', 'cat', 'ceb', 'ces', 'chi_sim', 'chi_sim_vert', 'chi_tra', 'chi_tra_vert', 'chr', 'cos', 'cym', 'dan', 'deu', 'div', 'dzo', 'ell', 'eng', 'enm', 'epo', 'equ', 'est', 'eus', 'fao', 'fas', 'fil', 'fin', 'fra', 'frk', 'frm', 'fry', 'gla', 'gle', 'glg', 'grc', 'guj', 'hat', 'heb', 'hin', 'hrv', 'hun', 'hye', 'iku', 'ind', 'isl', 'ita', 'ita_old', 'jav', 'jpn', 'jpn_vert', 'kan', 'kat', 'kat_old', 'kaz', 'khm', 'kir', 'kmr', 'kor', 'kor_vert', 'lao', 'lat', 'lav', 'lit', 'ltz', 'mal', 'mar', 'mkd', 'mlt', 'mon', 'mri', 'msa', 'mya', 'nep', 'nld', 'nor', 'oci', 'ori', 'osd', 'pan', 'pol', 'por', 'pus', 'que', 'ron', 'rus', 'san', 'sin', 'slk', 'slv', 'snd', 'snum', 'spa', 'spa_old', 'sqi', 'srp', 'srp_latn', 'sun', 'swa', 'swe', 'syr', 'tam', 'tat', 'tel', 'tgk', 'tha', 'tir', 'ton', 'tur', 'uig', 'ukr', 'urd', 'uzb', 'uzb_cyrl', 'vie', 'yid', 'yor']
2025-06-24 06:36:24,503 - INFO - ✅ Vietnamese OCR language pack available
2025-06-24 06:36:24,503 - INFO - ✅ OCR service initialized successfully
2025-06-24 06:36:24,503 - INFO - Enhanced OCR service initialized successfully
2025-06-24 06:36:24,708 - INFO - 1 change detected
2025-06-24 06:37:56,175 - WARNING - Did not find boundary character 91 at index 2
2025-06-24 06:39:13,797 - INFO - ✅ Found Tesseract version: 5.5.1
2025-06-24 06:39:13,812 - INFO - Available languages: ['afr', 'amh', 'ara', 'asm', 'aze', 'aze_cyrl', 'bel', 'ben', 'bod', 'bos', 'bre', 'bul', 'cat', 'ceb', 'ces', 'chi_sim', 'chi_sim_vert', 'chi_tra', 'chi_tra_vert', 'chr', 'cos', 'cym', 'dan', 'deu', 'div', 'dzo', 'ell', 'eng', 'enm', 'epo', 'equ', 'est', 'eus', 'fao', 'fas', 'fil', 'fin', 'fra', 'frk', 'frm', 'fry', 'gla', 'gle', 'glg', 'grc', 'guj', 'hat', 'heb', 'hin', 'hrv', 'hun', 'hye', 'iku', 'ind', 'isl', 'ita', 'ita_old', 'jav', 'jpn', 'jpn_vert', 'kan', 'kat', 'kat_old', 'kaz', 'khm', 'kir', 'kmr', 'kor', 'kor_vert', 'lao', 'lat', 'lav', 'lit', 'ltz', 'mal', 'mar', 'mkd', 'mlt', 'mon', 'mri', 'msa', 'mya', 'nep', 'nld', 'nor', 'oci', 'ori', 'osd', 'pan', 'pol', 'por', 'pus', 'que', 'ron', 'rus', 'san', 'sin', 'slk', 'slv', 'snd', 'snum', 'spa', 'spa_old', 'sqi', 'srp', 'srp_latn', 'sun', 'swa', 'swe', 'syr', 'tam', 'tat', 'tel', 'tgk', 'tha', 'tir', 'ton', 'tur', 'uig', 'ukr', 'urd', 'uzb', 'uzb_cyrl', 'vie', 'yid', 'yor']
2025-06-24 06:39:13,812 - INFO - ✅ Vietnamese OCR language pack available
2025-06-24 06:39:13,812 - INFO - ✅ OCR service initialized successfully
2025-06-24 06:39:13,812 - INFO - Enhanced OCR service initialized successfully
2025-06-24 06:39:14,049 - INFO - 1 change detected
2025-06-24 06:39:24,932 - INFO - ✅ Found Tesseract version: 5.5.1
2025-06-24 06:39:24,945 - INFO - Available languages: ['afr', 'amh', 'ara', 'asm', 'aze', 'aze_cyrl', 'bel', 'ben', 'bod', 'bos', 'bre', 'bul', 'cat', 'ceb', 'ces', 'chi_sim', 'chi_sim_vert', 'chi_tra', 'chi_tra_vert', 'chr', 'cos', 'cym', 'dan', 'deu', 'div', 'dzo', 'ell', 'eng', 'enm', 'epo', 'equ', 'est', 'eus', 'fao', 'fas', 'fil', 'fin', 'fra', 'frk', 'frm', 'fry', 'gla', 'gle', 'glg', 'grc', 'guj', 'hat', 'heb', 'hin', 'hrv', 'hun', 'hye', 'iku', 'ind', 'isl', 'ita', 'ita_old', 'jav', 'jpn', 'jpn_vert', 'kan', 'kat', 'kat_old', 'kaz', 'khm', 'kir', 'kmr', 'kor', 'kor_vert', 'lao', 'lat', 'lav', 'lit', 'ltz', 'mal', 'mar', 'mkd', 'mlt', 'mon', 'mri', 'msa', 'mya', 'nep', 'nld', 'nor', 'oci', 'ori', 'osd', 'pan', 'pol', 'por', 'pus', 'que', 'ron', 'rus', 'san', 'sin', 'slk', 'slv', 'snd', 'snum', 'spa', 'spa_old', 'sqi', 'srp', 'srp_latn', 'sun', 'swa', 'swe', 'syr', 'tam', 'tat', 'tel', 'tgk', 'tha', 'tir', 'ton', 'tur', 'uig', 'ukr', 'urd', 'uzb', 'uzb_cyrl', 'vie', 'yid', 'yor']
2025-06-24 06:39:24,945 - INFO - ✅ Vietnamese OCR language pack available
2025-06-24 06:39:24,945 - INFO - ✅ OCR service initialized successfully
2025-06-24 06:39:24,945 - INFO - Enhanced OCR service initialized successfully
2025-06-24 06:39:25,258 - INFO - ✅ Found Tesseract version: 5.5.1
2025-06-24 06:39:25,269 - INFO - Available languages: ['afr', 'amh', 'ara', 'asm', 'aze', 'aze_cyrl', 'bel', 'ben', 'bod', 'bos', 'bre', 'bul', 'cat', 'ceb', 'ces', 'chi_sim', 'chi_sim_vert', 'chi_tra', 'chi_tra_vert', 'chr', 'cos', 'cym', 'dan', 'deu', 'div', 'dzo', 'ell', 'eng', 'enm', 'epo', 'equ', 'est', 'eus', 'fao', 'fas', 'fil', 'fin', 'fra', 'frk', 'frm', 'fry', 'gla', 'gle', 'glg', 'grc', 'guj', 'hat', 'heb', 'hin', 'hrv', 'hun', 'hye', 'iku', 'ind', 'isl', 'ita', 'ita_old', 'jav', 'jpn', 'jpn_vert', 'kan', 'kat', 'kat_old', 'kaz', 'khm', 'kir', 'kmr', 'kor', 'kor_vert', 'lao', 'lat', 'lav', 'lit', 'ltz', 'mal', 'mar', 'mkd', 'mlt', 'mon', 'mri', 'msa', 'mya', 'nep', 'nld', 'nor', 'oci', 'ori', 'osd', 'pan', 'pol', 'por', 'pus', 'que', 'ron', 'rus', 'san', 'sin', 'slk', 'slv', 'snd', 'snum', 'spa', 'spa_old', 'sqi', 'srp', 'srp_latn', 'sun', 'swa', 'swe', 'syr', 'tam', 'tat', 'tel', 'tgk', 'tha', 'tir', 'ton', 'tur', 'uig', 'ukr', 'urd', 'uzb', 'uzb_cyrl', 'vie', 'yid', 'yor']
2025-06-24 06:39:25,270 - INFO - ✅ Vietnamese OCR language pack available
2025-06-24 06:39:25,271 - INFO - ✅ OCR service initialized successfully
2025-06-24 06:39:25,271 - INFO - Enhanced OCR service initialized successfully
2025-06-24 06:39:25,302 - INFO - ✅ Found Tesseract version: 5.5.1
2025-06-24 06:39:25,302 - INFO - Available languages: ['afr', 'amh', 'ara', 'asm', 'aze', 'aze_cyrl', 'bel', 'ben', 'bod', 'bos', 'bre', 'bul', 'cat', 'ceb', 'ces', 'chi_sim', 'chi_sim_vert', 'chi_tra', 'chi_tra_vert', 'chr', 'cos', 'cym', 'dan', 'deu', 'div', 'dzo', 'ell', 'eng', 'enm', 'epo', 'equ', 'est', 'eus', 'fao', 'fas', 'fil', 'fin', 'fra', 'frk', 'frm', 'fry', 'gla', 'gle', 'glg', 'grc', 'guj', 'hat', 'heb', 'hin', 'hrv', 'hun', 'hye', 'iku', 'ind', 'isl', 'ita', 'ita_old', 'jav', 'jpn', 'jpn_vert', 'kan', 'kat', 'kat_old', 'kaz', 'khm', 'kir', 'kmr', 'kor', 'kor_vert', 'lao', 'lat', 'lav', 'lit', 'ltz', 'mal', 'mar', 'mkd', 'mlt', 'mon', 'mri', 'msa', 'mya', 'nep', 'nld', 'nor', 'oci', 'ori', 'osd', 'pan', 'pol', 'por', 'pus', 'que', 'ron', 'rus', 'san', 'sin', 'slk', 'slv', 'snd', 'snum', 'spa', 'spa_old', 'sqi', 'srp', 'srp_latn', 'sun', 'swa', 'swe', 'syr', 'tam', 'tat', 'tel', 'tgk', 'tha', 'tir', 'ton', 'tur', 'uig', 'ukr', 'urd', 'uzb', 'uzb_cyrl', 'vie', 'yid', 'yor']
2025-06-24 06:39:25,302 - INFO - ✅ Vietnamese OCR language pack available
2025-06-24 06:39:25,302 - INFO - ✅ OCR service initialized successfully
2025-06-24 06:39:25,302 - INFO - Enhanced OCR service initialized successfully
2025-06-24 06:39:25,374 - INFO - 1 change detected
2025-06-24 06:40:03,428 - WARNING - Did not find boundary character 91 at index 2
2025-06-24 06:42:25,702 - INFO - ✅ Found Tesseract version: 5.5.1
2025-06-24 06:42:25,716 - INFO - Available languages: ['afr', 'amh', 'ara', 'asm', 'aze', 'aze_cyrl', 'bel', 'ben', 'bod', 'bos', 'bre', 'bul', 'cat', 'ceb', 'ces', 'chi_sim', 'chi_sim_vert', 'chi_tra', 'chi_tra_vert', 'chr', 'cos', 'cym', 'dan', 'deu', 'div', 'dzo', 'ell', 'eng', 'enm', 'epo', 'equ', 'est', 'eus', 'fao', 'fas', 'fil', 'fin', 'fra', 'frk', 'frm', 'fry', 'gla', 'gle', 'glg', 'grc', 'guj', 'hat', 'heb', 'hin', 'hrv', 'hun', 'hye', 'iku', 'ind', 'isl', 'ita', 'ita_old', 'jav', 'jpn', 'jpn_vert', 'kan', 'kat', 'kat_old', 'kaz', 'khm', 'kir', 'kmr', 'kor', 'kor_vert', 'lao', 'lat', 'lav', 'lit', 'ltz', 'mal', 'mar', 'mkd', 'mlt', 'mon', 'mri', 'msa', 'mya', 'nep', 'nld', 'nor', 'oci', 'ori', 'osd', 'pan', 'pol', 'por', 'pus', 'que', 'ron', 'rus', 'san', 'sin', 'slk', 'slv', 'snd', 'snum', 'spa', 'spa_old', 'sqi', 'srp', 'srp_latn', 'sun', 'swa', 'swe', 'syr', 'tam', 'tat', 'tel', 'tgk', 'tha', 'tir', 'ton', 'tur', 'uig', 'ukr', 'urd', 'uzb', 'uzb_cyrl', 'vie', 'yid', 'yor']
2025-06-24 06:42:25,716 - INFO - ✅ Vietnamese OCR language pack available
2025-06-24 06:42:25,716 - INFO - ✅ OCR service initialized successfully
2025-06-24 06:42:25,716 - INFO - Enhanced OCR service initialized successfully
2025-06-24 06:42:26,028 - INFO - ✅ Found Tesseract version: 5.5.1
2025-06-24 06:42:26,037 - INFO - Available languages: ['afr', 'amh', 'ara', 'asm', 'aze', 'aze_cyrl', 'bel', 'ben', 'bod', 'bos', 'bre', 'bul', 'cat', 'ceb', 'ces', 'chi_sim', 'chi_sim_vert', 'chi_tra', 'chi_tra_vert', 'chr', 'cos', 'cym', 'dan', 'deu', 'div', 'dzo', 'ell', 'eng', 'enm', 'epo', 'equ', 'est', 'eus', 'fao', 'fas', 'fil', 'fin', 'fra', 'frk', 'frm', 'fry', 'gla', 'gle', 'glg', 'grc', 'guj', 'hat', 'heb', 'hin', 'hrv', 'hun', 'hye', 'iku', 'ind', 'isl', 'ita', 'ita_old', 'jav', 'jpn', 'jpn_vert', 'kan', 'kat', 'kat_old', 'kaz', 'khm', 'kir', 'kmr', 'kor', 'kor_vert', 'lao', 'lat', 'lav', 'lit', 'ltz', 'mal', 'mar', 'mkd', 'mlt', 'mon', 'mri', 'msa', 'mya', 'nep', 'nld', 'nor', 'oci', 'ori', 'osd', 'pan', 'pol', 'por', 'pus', 'que', 'ron', 'rus', 'san', 'sin', 'slk', 'slv', 'snd', 'snum', 'spa', 'spa_old', 'sqi', 'srp', 'srp_latn', 'sun', 'swa', 'swe', 'syr', 'tam', 'tat', 'tel', 'tgk', 'tha', 'tir', 'ton', 'tur', 'uig', 'ukr', 'urd', 'uzb', 'uzb_cyrl', 'vie', 'yid', 'yor']
2025-06-24 06:42:26,037 - INFO - ✅ Vietnamese OCR language pack available
2025-06-24 06:42:26,037 - INFO - ✅ OCR service initialized successfully
2025-06-24 06:42:26,037 - INFO - Enhanced OCR service initialized successfully
2025-06-24 06:42:26,067 - INFO - ✅ Found Tesseract version: 5.5.1
2025-06-24 06:42:26,067 - INFO - Available languages: ['afr', 'amh', 'ara', 'asm', 'aze', 'aze_cyrl', 'bel', 'ben', 'bod', 'bos', 'bre', 'bul', 'cat', 'ceb', 'ces', 'chi_sim', 'chi_sim_vert', 'chi_tra', 'chi_tra_vert', 'chr', 'cos', 'cym', 'dan', 'deu', 'div', 'dzo', 'ell', 'eng', 'enm', 'epo', 'equ', 'est', 'eus', 'fao', 'fas', 'fil', 'fin', 'fra', 'frk', 'frm', 'fry', 'gla', 'gle', 'glg', 'grc', 'guj', 'hat', 'heb', 'hin', 'hrv', 'hun', 'hye', 'iku', 'ind', 'isl', 'ita', 'ita_old', 'jav', 'jpn', 'jpn_vert', 'kan', 'kat', 'kat_old', 'kaz', 'khm', 'kir', 'kmr', 'kor', 'kor_vert', 'lao', 'lat', 'lav', 'lit', 'ltz', 'mal', 'mar', 'mkd', 'mlt', 'mon', 'mri', 'msa', 'mya', 'nep', 'nld', 'nor', 'oci', 'ori', 'osd', 'pan', 'pol', 'por', 'pus', 'que', 'ron', 'rus', 'san', 'sin', 'slk', 'slv', 'snd', 'snum', 'spa', 'spa_old', 'sqi', 'srp', 'srp_latn', 'sun', 'swa', 'swe', 'syr', 'tam', 'tat', 'tel', 'tgk', 'tha', 'tir', 'ton', 'tur', 'uig', 'ukr', 'urd', 'uzb', 'uzb_cyrl', 'vie', 'yid', 'yor']
2025-06-24 06:42:26,068 - INFO - ✅ Vietnamese OCR language pack available
2025-06-24 06:42:26,068 - INFO - ✅ OCR service initialized successfully
2025-06-24 06:42:26,068 - INFO - Enhanced OCR service initialized successfully
2025-06-24 06:42:26,142 - INFO - 1 change detected
2025-06-24 06:44:52,987 - INFO - 📄 Processing file: SYLL NguyenTranDuy.pdf (662003 bytes)
2025-06-24 06:44:52,990 - INFO - Converting PDF ocr_20250624_064452_SYLL NguyenTranDuy.pdf to images...
2025-06-24 06:44:52,998 - ERROR - Enhanced OCR processing failed for ocr_20250624_064452_SYLL NguyenTranDuy.pdf: Unable to get page count. Is poppler installed and in PATH?
2025-06-24 06:44:52,999 - INFO - ✅ OCR processing completed for SYLL NguyenTranDuy.pdf: success=False
2025-06-24 06:50:38,790 - INFO - 📄 Processing file: SYLL NguyenTranDuy.pdf (662003 bytes)
2025-06-24 06:50:38,793 - INFO - Converting PDF ocr_20250624_065038_SYLL NguyenTranDuy.pdf to images...
2025-06-24 06:50:38,800 - ERROR - Enhanced OCR processing failed for ocr_20250624_065038_SYLL NguyenTranDuy.pdf: Unable to get page count. Is poppler installed and in PATH?
2025-06-24 06:50:38,802 - INFO - ✅ OCR processing completed for SYLL NguyenTranDuy.pdf: success=False
2025-06-24 06:53:45,621 - INFO - ✅ Found Tesseract version: 5.5.1
2025-06-24 06:53:45,638 - INFO - Available languages: ['afr', 'amh', 'ara', 'asm', 'aze', 'aze_cyrl', 'bel', 'ben', 'bod', 'bos', 'bre', 'bul', 'cat', 'ceb', 'ces', 'chi_sim', 'chi_sim_vert', 'chi_tra', 'chi_tra_vert', 'chr', 'cos', 'cym', 'dan', 'deu', 'div', 'dzo', 'ell', 'eng', 'enm', 'epo', 'equ', 'est', 'eus', 'fao', 'fas', 'fil', 'fin', 'fra', 'frk', 'frm', 'fry', 'gla', 'gle', 'glg', 'grc', 'guj', 'hat', 'heb', 'hin', 'hrv', 'hun', 'hye', 'iku', 'ind', 'isl', 'ita', 'ita_old', 'jav', 'jpn', 'jpn_vert', 'kan', 'kat', 'kat_old', 'kaz', 'khm', 'kir', 'kmr', 'kor', 'kor_vert', 'lao', 'lat', 'lav', 'lit', 'ltz', 'mal', 'mar', 'mkd', 'mlt', 'mon', 'mri', 'msa', 'mya', 'nep', 'nld', 'nor', 'oci', 'ori', 'osd', 'pan', 'pol', 'por', 'pus', 'que', 'ron', 'rus', 'san', 'sin', 'slk', 'slv', 'snd', 'snum', 'spa', 'spa_old', 'sqi', 'srp', 'srp_latn', 'sun', 'swa', 'swe', 'syr', 'tam', 'tat', 'tel', 'tgk', 'tha', 'tir', 'ton', 'tur', 'uig', 'ukr', 'urd', 'uzb', 'uzb_cyrl', 'vie', 'yid', 'yor']
2025-06-24 06:53:45,638 - INFO - ✅ Vietnamese OCR language pack available
2025-06-24 06:53:45,638 - INFO - ✅ OCR service initialized successfully
2025-06-24 06:53:45,638 - INFO - Enhanced OCR service initialized successfully
2025-06-24 06:53:45,947 - INFO - ✅ Found Tesseract version: 5.5.1
2025-06-24 06:53:45,954 - INFO - Available languages: ['afr', 'amh', 'ara', 'asm', 'aze', 'aze_cyrl', 'bel', 'ben', 'bod', 'bos', 'bre', 'bul', 'cat', 'ceb', 'ces', 'chi_sim', 'chi_sim_vert', 'chi_tra', 'chi_tra_vert', 'chr', 'cos', 'cym', 'dan', 'deu', 'div', 'dzo', 'ell', 'eng', 'enm', 'epo', 'equ', 'est', 'eus', 'fao', 'fas', 'fil', 'fin', 'fra', 'frk', 'frm', 'fry', 'gla', 'gle', 'glg', 'grc', 'guj', 'hat', 'heb', 'hin', 'hrv', 'hun', 'hye', 'iku', 'ind', 'isl', 'ita', 'ita_old', 'jav', 'jpn', 'jpn_vert', 'kan', 'kat', 'kat_old', 'kaz', 'khm', 'kir', 'kmr', 'kor', 'kor_vert', 'lao', 'lat', 'lav', 'lit', 'ltz', 'mal', 'mar', 'mkd', 'mlt', 'mon', 'mri', 'msa', 'mya', 'nep', 'nld', 'nor', 'oci', 'ori', 'osd', 'pan', 'pol', 'por', 'pus', 'que', 'ron', 'rus', 'san', 'sin', 'slk', 'slv', 'snd', 'snum', 'spa', 'spa_old', 'sqi', 'srp', 'srp_latn', 'sun', 'swa', 'swe', 'syr', 'tam', 'tat', 'tel', 'tgk', 'tha', 'tir', 'ton', 'tur', 'uig', 'ukr', 'urd', 'uzb', 'uzb_cyrl', 'vie', 'yid', 'yor']
2025-06-24 06:53:45,954 - INFO - ✅ Vietnamese OCR language pack available
2025-06-24 06:53:45,954 - INFO - ✅ OCR service initialized successfully
2025-06-24 06:53:45,954 - INFO - Enhanced OCR service initialized successfully
2025-06-24 06:53:45,986 - INFO - ✅ Found Tesseract version: 5.5.1
2025-06-24 06:53:45,986 - INFO - Available languages: ['afr', 'amh', 'ara', 'asm', 'aze', 'aze_cyrl', 'bel', 'ben', 'bod', 'bos', 'bre', 'bul', 'cat', 'ceb', 'ces', 'chi_sim', 'chi_sim_vert', 'chi_tra', 'chi_tra_vert', 'chr', 'cos', 'cym', 'dan', 'deu', 'div', 'dzo', 'ell', 'eng', 'enm', 'epo', 'equ', 'est', 'eus', 'fao', 'fas', 'fil', 'fin', 'fra', 'frk', 'frm', 'fry', 'gla', 'gle', 'glg', 'grc', 'guj', 'hat', 'heb', 'hin', 'hrv', 'hun', 'hye', 'iku', 'ind', 'isl', 'ita', 'ita_old', 'jav', 'jpn', 'jpn_vert', 'kan', 'kat', 'kat_old', 'kaz', 'khm', 'kir', 'kmr', 'kor', 'kor_vert', 'lao', 'lat', 'lav', 'lit', 'ltz', 'mal', 'mar', 'mkd', 'mlt', 'mon', 'mri', 'msa', 'mya', 'nep', 'nld', 'nor', 'oci', 'ori', 'osd', 'pan', 'pol', 'por', 'pus', 'que', 'ron', 'rus', 'san', 'sin', 'slk', 'slv', 'snd', 'snum', 'spa', 'spa_old', 'sqi', 'srp', 'srp_latn', 'sun', 'swa', 'swe', 'syr', 'tam', 'tat', 'tel', 'tgk', 'tha', 'tir', 'ton', 'tur', 'uig', 'ukr', 'urd', 'uzb', 'uzb_cyrl', 'vie', 'yid', 'yor']
2025-06-24 06:53:45,986 - INFO - ✅ Vietnamese OCR language pack available
2025-06-24 06:53:45,986 - INFO - ✅ OCR service initialized successfully
2025-06-24 06:53:45,986 - INFO - Enhanced OCR service initialized successfully
2025-06-24 06:53:46,069 - INFO - 1 change detected
2025-06-24 06:54:03,594 - INFO - 📄 Processing file: SYLL NguyenTranDuy.pdf (662003 bytes)
2025-06-24 06:54:03,595 - INFO - Converting PDF ocr_20250624_065403_SYLL NguyenTranDuy.pdf to images...
2025-06-24 06:54:08,553 - INFO - Processing page 1/4 for ocr_20250624_065403_SYLL NguyenTranDuy.pdf
2025-06-24 06:54:10,832 - INFO - Processing page 2/4 for ocr_20250624_065403_SYLL NguyenTranDuy.pdf
2025-06-24 06:54:12,584 - INFO - Processing page 3/4 for ocr_20250624_065403_SYLL NguyenTranDuy.pdf
2025-06-24 06:54:14,300 - INFO - Processing page 4/4 for ocr_20250624_065403_SYLL NguyenTranDuy.pdf
2025-06-24 06:54:15,712 - INFO - Applying Vietnamese text cleaning for ocr_20250624_065403_SYLL NguyenTranDuy.pdf
2025-06-24 06:54:15,715 - INFO - ✅ Enhanced OCR completed for ocr_20250624_065403_SYLL NguyenTranDuy.pdf: 5712 chars, 93.1% confidence
2025-06-24 06:54:15,717 - INFO - ✅ OCR processing completed for SYLL NguyenTranDuy.pdf: success=True
2025-06-24 06:56:23,592 - INFO - 📄 Processing file: SYLL NguyenTranDuy.pdf (662003 bytes)
2025-06-24 06:56:23,594 - INFO - Converting PDF ocr_20250624_065623_SYLL NguyenTranDuy.pdf to images...
2025-06-24 06:56:24,118 - INFO - Processing page 1/4 for ocr_20250624_065623_SYLL NguyenTranDuy.pdf
2025-06-24 06:56:26,328 - INFO - Processing page 2/4 for ocr_20250624_065623_SYLL NguyenTranDuy.pdf
2025-06-24 06:56:28,271 - INFO - Processing page 3/4 for ocr_20250624_065623_SYLL NguyenTranDuy.pdf
2025-06-24 06:56:29,995 - INFO - Processing page 4/4 for ocr_20250624_065623_SYLL NguyenTranDuy.pdf
2025-06-24 06:56:31,403 - INFO - Applying Vietnamese text cleaning for ocr_20250624_065623_SYLL NguyenTranDuy.pdf
2025-06-24 06:56:31,406 - INFO - ✅ Enhanced OCR completed for ocr_20250624_065623_SYLL NguyenTranDuy.pdf: 5712 chars, 93.1% confidence
2025-06-24 06:56:31,409 - INFO - ✅ OCR processing completed for SYLL NguyenTranDuy.pdf: success=True
2025-06-24 07:01:07,888 - INFO - 📄 Processing file: SYLL NguyenTranDuy.pdf (662003 bytes)
2025-06-24 07:01:07,890 - INFO - Converting PDF ocr_20250624_070107_SYLL NguyenTranDuy.pdf to images...
2025-06-24 07:01:08,407 - INFO - Processing page 1/4 for ocr_20250624_070107_SYLL NguyenTranDuy.pdf
2025-06-24 07:01:10,613 - INFO - Processing page 2/4 for ocr_20250624_070107_SYLL NguyenTranDuy.pdf
2025-06-24 07:01:12,366 - INFO - Processing page 3/4 for ocr_20250624_070107_SYLL NguyenTranDuy.pdf
2025-06-24 07:01:14,082 - INFO - Processing page 4/4 for ocr_20250624_070107_SYLL NguyenTranDuy.pdf
2025-06-24 07:01:15,497 - INFO - Applying Vietnamese text cleaning for ocr_20250624_070107_SYLL NguyenTranDuy.pdf
2025-06-24 07:01:15,501 - INFO - ✅ Enhanced OCR completed for ocr_20250624_070107_SYLL NguyenTranDuy.pdf: 5712 chars, 93.1% confidence
2025-06-24 07:01:15,504 - INFO - ✅ OCR processing completed for SYLL NguyenTranDuy.pdf: success=True
2025-06-24 07:13:56,245 - INFO - 📄 Processing file: SYLL NguyenTranDuy.pdf (662003 bytes)
2025-06-24 07:13:56,249 - INFO - Converting PDF ocr_20250624_071356_SYLL NguyenTranDuy.pdf to images...
2025-06-24 07:13:56,783 - INFO - Processing page 1/4 for ocr_20250624_071356_SYLL NguyenTranDuy.pdf
2025-06-24 07:13:59,210 - INFO - Processing page 2/4 for ocr_20250624_071356_SYLL NguyenTranDuy.pdf
2025-06-24 07:14:00,988 - INFO - Processing page 3/4 for ocr_20250624_071356_SYLL NguyenTranDuy.pdf
2025-06-24 07:14:02,701 - INFO - Processing page 4/4 for ocr_20250624_071356_SYLL NguyenTranDuy.pdf
2025-06-24 07:14:04,130 - INFO - Applying Vietnamese text cleaning for ocr_20250624_071356_SYLL NguyenTranDuy.pdf
2025-06-24 07:14:04,134 - INFO - ✅ Enhanced OCR completed for ocr_20250624_071356_SYLL NguyenTranDuy.pdf: 5712 chars, 93.1% confidence
2025-06-24 07:14:04,137 - INFO - ✅ OCR processing completed for SYLL NguyenTranDuy.pdf: success=True
